<?xml version="1.0" encoding="utf-8"?><testsuite errors="0" failures="1" name="pytest" skips="0" tests="2" time="0.056"><testcase classname="test_demo" file="test_demo.py" line="8" name="test_demo1" time="0.0008258819580078125"></testcase><testcase classname="test_demo" file="test_demo.py" line="12" name="test_demo2" time="0.0014543533325195312"><failure message="assert 1 == 4">def test_demo2():
&gt;       assert 1==4
E       assert 1 == 4

test_demo.py:14: AssertionError</failure></testcase></testsuite>